Using launch settings from P:\AI Projects\chat-app\backend\Properties\launchSettings.json...
Building...
P:\AI Projects\chat-app\backend\backend.csproj : warning NU1902: Package 'MailKit' 4.11.0 has a known moderate severity vulnerability, https://github.com/advisories/GHSA-9j88-vvj5-vhgr
P:\AI Projects\chat-app\backend\backend.csproj : warning NU1902: Package 'MailKit' 4.11.0 has a known moderate severity vulnerability, https://github.com/advisories/GHSA-9j88-vvj5-vhgr
info: Microsoft.EntityFrameworkCore.Database.Command[20101]
      Executed DbCommand (6ms) [Parameters=[], CommandType='Text', CommandTimeout='30']
      SELECT COUNT(*) FROM "sqlite_master" WHERE "type" = 'table' AND "rootpage" IS NOT NULL;
info: Microsoft.EntityFrameworkCore.Database.Command[20101]
      Executed DbCommand (0ms) [Parameters=[], CommandType='Text', CommandTimeout='30']
      SELECT "u"."Id", "u"."Emailed", "u"."EndedAt", "u"."IpAddress", "u"."Latitude", "u"."Longitude", "u"."StartedAt", "u"."UserId"
      FROM "UserSessions" AS "u"
      WHERE "u"."EndedAt" IS NULL
info: Microsoft.EntityFrameworkCore.Database.Command[20101]
      Executed DbCommand (1ms) [Parameters=[], CommandType='Text', CommandTimeout='30']
      SELECT "u"."Id", "u"."Emailed", "u"."EndedAt", "u"."IpAddress", "u"."Latitude", "u"."Longitude", "u"."StartedAt", "u"."UserId", "u0"."Id", "u0"."CreatedAt", "u0"."Username"
      FROM "UserSessions" AS "u"
      INNER JOIN "Users" AS "u0" ON "u"."UserId" = "u0"."Id"
      WHERE "u"."EndedAt" IS NOT NULL AND NOT ("u"."Emailed")
info: Microsoft.Hosting.Lifetime[14]
      Now listening on: http://localhost:5223
info: Microsoft.Hosting.Lifetime[0]
      Application started. Press Ctrl+C to shut down.
info: Microsoft.Hosting.Lifetime[0]
      Hosting environment: Development
info: Microsoft.Hosting.Lifetime[0]
      Content root path: P:\AI Projects\chat-app\backend
info: Microsoft.EntityFrameworkCore.Database.Command[20101]
      Executed DbCommand (2ms) [Parameters=[@__req_Username_0='?' (Size = 4)], CommandType='Text', CommandTimeout='30']
      SELECT EXISTS (
          SELECT 1
          FROM "UserSessions" AS "u"
          INNER JOIN "Users" AS "u0" ON "u"."UserId" = "u0"."Id"
          WHERE "u0"."Username" = @__req_Username_0 AND "u"."EndedAt" IS NULL)
info: Microsoft.EntityFrameworkCore.Database.Command[20101]
      Executed DbCommand (0ms) [Parameters=[@__req_Username_0='?' (Size = 4)], CommandType='Text', CommandTimeout='30']
      SELECT "u"."Id", "u"."CreatedAt", "u"."Username"
      FROM "Users" AS "u"
      WHERE "u"."Username" = @__req_Username_0
      LIMIT 1
info: Microsoft.EntityFrameworkCore.Database.Command[20101]
      Executed DbCommand (3ms) [Parameters=[@p0='?' (DbType = DateTime), @p1='?' (Size = 4)], CommandType='Text', CommandTimeout='30']
      INSERT INTO "Users" ("CreatedAt", "Username")
      VALUES (@p0, @p1)
      RETURNING "Id";
info: Microsoft.EntityFrameworkCore.Database.Command[20101]
      Executed DbCommand (0ms) [Parameters=[@__req_Username_0='?' (Size = 9)], CommandType='Text', CommandTimeout='30']
      SELECT EXISTS (
          SELECT 1
          FROM "UserSessions" AS "u"
          INNER JOIN "Users" AS "u0" ON "u"."UserId" = "u0"."Id"
          WHERE "u0"."Username" = @__req_Username_0 AND "u"."EndedAt" IS NULL)
info: Microsoft.EntityFrameworkCore.Database.Command[20101]
      Executed DbCommand (0ms) [Parameters=[@__req_Username_0='?' (Size = 9)], CommandType='Text', CommandTimeout='30']
      SELECT "u"."Id", "u"."CreatedAt", "u"."Username"
      FROM "Users" AS "u"
      WHERE "u"."Username" = @__req_Username_0
      LIMIT 1
info: Microsoft.EntityFrameworkCore.Database.Command[20101]
      Executed DbCommand (0ms) [Parameters=[@__req_Username_0='?' (Size = 7)], CommandType='Text', CommandTimeout='30']
      SELECT EXISTS (
          SELECT 1
          FROM "UserSessions" AS "u"
          INNER JOIN "Users" AS "u0" ON "u"."UserId" = "u0"."Id"
          WHERE "u0"."Username" = @__req_Username_0 AND "u"."EndedAt" IS NULL)
info: Microsoft.EntityFrameworkCore.Database.Command[20101]
      Executed DbCommand (0ms) [Parameters=[@__req_Username_0='?' (Size = 7)], CommandType='Text', CommandTimeout='30']
      SELECT "u"."Id", "u"."CreatedAt", "u"."Username"
      FROM "Users" AS "u"
      WHERE "u"."Username" = @__req_Username_0
      LIMIT 1
info: Microsoft.EntityFrameworkCore.Database.Command[20101]
      Executed DbCommand (1ms) [Parameters=[@__UserId_0='?' (DbType = Int32), @__targetUserId_1='?' (DbType = Int32)], CommandType='Text', CommandTimeout='30']
      SELECT "c4"."Id", "c4"."CreatedAt", "c4"."Name", "c4"."Type", "c3"."Id", "c3"."ChatRoomId", "c3"."JoinedAt", "c3"."UserId"
      FROM (
          SELECT "c"."Id", "c"."CreatedAt", "c"."Name", "c"."Type"
          FROM "ChatRooms" AS "c"
          WHERE "c"."Type" = 'private' AND EXISTS (
              SELECT 1
              FROM "ChatRoomMembers" AS "c0"
              WHERE "c"."Id" = "c0"."ChatRoomId" AND "c0"."UserId" = @__UserId_0) AND EXISTS (
              SELECT 1
              FROM "ChatRoomMembers" AS "c1"
              WHERE "c"."Id" = "c1"."ChatRoomId" AND "c1"."UserId" = @__targetUserId_1) AND (
              SELECT COUNT(*)
              FROM "ChatRoomMembers" AS "c2"
              WHERE "c"."Id" = "c2"."ChatRoomId") = 2
          LIMIT 1
      ) AS "c4"
      LEFT JOIN "ChatRoomMembers" AS "c3" ON "c4"."Id" = "c3"."ChatRoomId"
      ORDER BY "c4"."Id"
info: Microsoft.EntityFrameworkCore.Database.Command[20101]
      Executed DbCommand (0ms) [Parameters=[@__p_0='?' (DbType = Int32)], CommandType='Text', CommandTimeout='30']
      SELECT "u"."Id", "u"."CreatedAt", "u"."Username"
      FROM "Users" AS "u"
      WHERE "u"."Id" = @__p_0
      LIMIT 1
info: Microsoft.EntityFrameworkCore.Database.Command[20101]
      Executed DbCommand (0ms) [Parameters=[@__p_0='?' (DbType = Int32)], CommandType='Text', CommandTimeout='30']
      SELECT "u"."Id", "u"."CreatedAt", "u"."Username"
      FROM "Users" AS "u"
      WHERE "u"."Id" = @__p_0
      LIMIT 1
info: Microsoft.EntityFrameworkCore.Database.Command[20101]
      Executed DbCommand (0ms) [Parameters=[@__req_Username_0='?' (Size = 9)], CommandType='Text', CommandTimeout='30']
      SELECT EXISTS (
          SELECT 1
          FROM "UserSessions" AS "u"
          INNER JOIN "Users" AS "u0" ON "u"."UserId" = "u0"."Id"
          WHERE "u0"."Username" = @__req_Username_0 AND "u"."EndedAt" IS NULL)
info: Microsoft.EntityFrameworkCore.Database.Command[20101]
      Executed DbCommand (0ms) [Parameters=[@__req_Username_0='?' (Size = 9)], CommandType='Text', CommandTimeout='30']
      SELECT "u"."Id", "u"."CreatedAt", "u"."Username"
      FROM "Users" AS "u"
      WHERE "u"."Username" = @__req_Username_0
      LIMIT 1
info: Microsoft.EntityFrameworkCore.Database.Command[20101]
      Executed DbCommand (0ms) [Parameters=[@p0='?' (DbType = DateTime), @p1='?' (Size = 9)], CommandType='Text', CommandTimeout='30']
      INSERT INTO "Users" ("CreatedAt", "Username")
      VALUES (@p0, @p1)
      RETURNING "Id";
info: Microsoft.EntityFrameworkCore.Database.Command[20101]
      Executed DbCommand (0ms) [Parameters=[@__req_Username_0='?' (Size = 7)], CommandType='Text', CommandTimeout='30']
      SELECT EXISTS (
          SELECT 1
          FROM "UserSessions" AS "u"
          INNER JOIN "Users" AS "u0" ON "u"."UserId" = "u0"."Id"
          WHERE "u0"."Username" = @__req_Username_0 AND "u"."EndedAt" IS NULL)
info: Microsoft.EntityFrameworkCore.Database.Command[20101]
      Executed DbCommand (0ms) [Parameters=[@__req_Username_0='?' (Size = 7)], CommandType='Text', CommandTimeout='30']
      SELECT "u"."Id", "u"."CreatedAt", "u"."Username"
      FROM "Users" AS "u"
      WHERE "u"."Username" = @__req_Username_0
      LIMIT 1
info: Microsoft.EntityFrameworkCore.Database.Command[20101]
      Executed DbCommand (0ms) [Parameters=[@p0='?' (DbType = DateTime), @p1='?' (Size = 7)], CommandType='Text', CommandTimeout='30']
      INSERT INTO "Users" ("CreatedAt", "Username")
      VALUES (@p0, @p1)
      RETURNING "Id";
info: Microsoft.EntityFrameworkCore.Database.Command[20101]
      Executed DbCommand (0ms) [Parameters=[@__UserId_0='?' (DbType = Int32)], CommandType='Text', CommandTimeout='30']
      SELECT "c"."Id", "c"."CreatedAt", "c"."Name", "c"."Type", "s"."Id", "s"."ChatRoomId", "s"."JoinedAt", "s"."UserId", "s"."Id0", "s"."CreatedAt", "s"."Username"
      FROM "ChatRooms" AS "c"
      LEFT JOIN (
          SELECT "c1"."Id", "c1"."ChatRoomId", "c1"."JoinedAt", "c1"."UserId", "u"."Id" AS "Id0", "u"."CreatedAt", "u"."Username"
          FROM "ChatRoomMembers" AS "c1"
          INNER JOIN "Users" AS "u" ON "c1"."UserId" = "u"."Id"
      ) AS "s" ON "c"."Id" = "s"."ChatRoomId"
      WHERE "c"."Type" = 'public' OR EXISTS (
          SELECT 1
          FROM "ChatRoomMembers" AS "c0"
          WHERE "c"."Id" = "c0"."ChatRoomId" AND "c0"."UserId" = @__UserId_0)
      ORDER BY "c"."Id", "s"."Id"
info: Microsoft.EntityFrameworkCore.Database.Command[20101]
      Executed DbCommand (0ms) [Parameters=[@__UserId_0='?' (DbType = Int32)], CommandType='Text', CommandTimeout='30']
      SELECT "u"."Id", "u"."Username"
      FROM "Users" AS "u"
      WHERE "u"."Id" <> @__UserId_0
info: Microsoft.EntityFrameworkCore.Database.Command[20101]
      Executed DbCommand (0ms) [Parameters=[@__roomId_0='?' (DbType = Int32)], CommandType='Text', CommandTimeout='30']
      SELECT "c1"."Id", "c1"."CreatedAt", "c1"."Name", "c1"."Type", "c0"."Id", "c0"."ChatRoomId", "c0"."JoinedAt", "c0"."UserId"
      FROM (
          SELECT "c"."Id", "c"."CreatedAt", "c"."Name", "c"."Type"
          FROM "ChatRooms" AS "c"
          WHERE "c"."Id" = @__roomId_0
          LIMIT 1
      ) AS "c1"
      LEFT JOIN "ChatRoomMembers" AS "c0" ON "c1"."Id" = "c0"."ChatRoomId"
      ORDER BY "c1"."Id"
info: Microsoft.EntityFrameworkCore.Database.Command[20101]
      Executed DbCommand (0ms) [Parameters=[@__roomId_0='?' (DbType = Int32), @__p_1='?' (DbType = Int32)], CommandType='Text', CommandTimeout='30']
      SELECT "m0"."Id", "m0"."ChatRoomId", "m0"."Content", "m0"."ImagePath", "m0"."MessageType", "m0"."SenderId", "m0"."Timestamp", "u"."Id", "u"."CreatedAt", "u"."Username"
      FROM (
          SELECT "m"."Id", "m"."ChatRoomId", "m"."Content", "m"."ImagePath", "m"."MessageType", "m"."SenderId", "m"."Timestamp"
          FROM "Messages" AS "m"
          WHERE "m"."ChatRoomId" = @__roomId_0
          ORDER BY "m"."Timestamp"
          LIMIT @__p_1
      ) AS "m0"
      INNER JOIN "Users" AS "u" ON "m0"."SenderId" = "u"."Id"
      ORDER BY "m0"."Timestamp"
info: Microsoft.EntityFrameworkCore.Database.Command[20101]
      Executed DbCommand (1ms) [Parameters=[@p0='?' (DbType = Boolean), @p1='?' (DbType = DateTime), @p2='?' (Size = 9), @p3='?' (DbType = Double), @p4='?' (DbType = Double), @p5='?' (DbType = DateTime), @p6='?' (DbType = Int32)], CommandType='Text', CommandTimeout='30']
      INSERT INTO "UserSessions" ("Emailed", "EndedAt", "IpAddress", "Latitude", "Longitude", "StartedAt", "UserId")
      VALUES (@p0, @p1, @p2, @p3, @p4, @p5, @p6)
      RETURNING "Id";
info: Microsoft.EntityFrameworkCore.Database.Command[20101]
      Executed DbCommand (0ms) [Parameters=[@__UserId_0='?' (DbType = Int32), @__targetUserId_1='?' (DbType = Int32)], CommandType='Text', CommandTimeout='30']
      SELECT "c4"."Id", "c4"."CreatedAt", "c4"."Name", "c4"."Type", "c3"."Id", "c3"."ChatRoomId", "c3"."JoinedAt", "c3"."UserId"
      FROM (
          SELECT "c"."Id", "c"."CreatedAt", "c"."Name", "c"."Type"
          FROM "ChatRooms" AS "c"
          WHERE "c"."Type" = 'private' AND EXISTS (
              SELECT 1
              FROM "ChatRoomMembers" AS "c0"
              WHERE "c"."Id" = "c0"."ChatRoomId" AND "c0"."UserId" = @__UserId_0) AND EXISTS (
              SELECT 1
              FROM "ChatRoomMembers" AS "c1"
              WHERE "c"."Id" = "c1"."ChatRoomId" AND "c1"."UserId" = @__targetUserId_1) AND (
              SELECT COUNT(*)
              FROM "ChatRoomMembers" AS "c2"
              WHERE "c"."Id" = "c2"."ChatRoomId") = 2
          LIMIT 1
      ) AS "c4"
      LEFT JOIN "ChatRoomMembers" AS "c3" ON "c4"."Id" = "c3"."ChatRoomId"
      ORDER BY "c4"."Id"
info: Microsoft.EntityFrameworkCore.Database.Command[20101]
      Executed DbCommand (0ms) [Parameters=[@__p_0='?' (DbType = Int32)], CommandType='Text', CommandTimeout='30']
      SELECT "u"."Id", "u"."CreatedAt", "u"."Username"
      FROM "Users" AS "u"
      WHERE "u"."Id" = @__p_0
      LIMIT 1
info: Microsoft.EntityFrameworkCore.Database.Command[20101]
      Executed DbCommand (0ms) [Parameters=[@p0='?' (DbType = DateTime), @p1='?' (Size = 15), @p2='?' (Size = 7)], CommandType='Text', CommandTimeout='30']
      INSERT INTO "ChatRooms" ("CreatedAt", "Name", "Type")
      VALUES (@p0, @p1, @p2)
      RETURNING "Id";
info: Microsoft.EntityFrameworkCore.Database.Command[20101]
      Executed DbCommand (0ms) [Parameters=[@p3='?' (DbType = Int32), @p4='?' (DbType = DateTime), @p5='?' (DbType = Int32)], CommandType='Text', CommandTimeout='30']
      INSERT INTO "ChatRoomMembers" ("ChatRoomId", "JoinedAt", "UserId")
      VALUES (@p3, @p4, @p5)
      RETURNING "Id";
info: Microsoft.EntityFrameworkCore.Database.Command[20101]
      Executed DbCommand (0ms) [Parameters=[@p0='?' (DbType = Int32), @p1='?' (DbType = DateTime), @p2='?' (DbType = Int32)], CommandType='Text', CommandTimeout='30']
      INSERT INTO "ChatRoomMembers" ("ChatRoomId", "JoinedAt", "UserId")
      VALUES (@p0, @p1, @p2)
      RETURNING "Id";
info: Microsoft.EntityFrameworkCore.Database.Command[20101]
      Executed DbCommand (0ms) [Parameters=[@__p_0='?' (DbType = Int32)], CommandType='Text', CommandTimeout='30']
      SELECT "c"."Id", "c"."ChatRoomId", "c"."JoinedAt", "c"."UserId"
      FROM "ChatRoomMembers" AS "c"
      WHERE "c"."ChatRoomId" = @__p_0
info: Microsoft.EntityFrameworkCore.Database.Command[20101]
      Executed DbCommand (0ms) [Parameters=[@__p_0='?' (DbType = Int32)], CommandType='Text', CommandTimeout='30']
      SELECT "u"."Id", "u"."CreatedAt", "u"."Username"
      FROM "Users" AS "u"
      WHERE "u"."Id" = @__p_0
      LIMIT 1
info: Microsoft.EntityFrameworkCore.Database.Command[20101]
      Executed DbCommand (0ms) [Parameters=[@__UserId_0='?' (DbType = Int32), @__targetUserId_1='?' (DbType = Int32)], CommandType='Text', CommandTimeout='30']
      SELECT "c4"."Id", "c4"."CreatedAt", "c4"."Name", "c4"."Type", "c3"."Id", "c3"."ChatRoomId", "c3"."JoinedAt", "c3"."UserId"
      FROM (
          SELECT "c"."Id", "c"."CreatedAt", "c"."Name", "c"."Type"
          FROM "ChatRooms" AS "c"
          WHERE "c"."Type" = 'private' AND EXISTS (
              SELECT 1
              FROM "ChatRoomMembers" AS "c0"
              WHERE "c"."Id" = "c0"."ChatRoomId" AND "c0"."UserId" = @__UserId_0) AND EXISTS (
              SELECT 1
              FROM "ChatRoomMembers" AS "c1"
              WHERE "c"."Id" = "c1"."ChatRoomId" AND "c1"."UserId" = @__targetUserId_1) AND (
              SELECT COUNT(*)
              FROM "ChatRoomMembers" AS "c2"
              WHERE "c"."Id" = "c2"."ChatRoomId") = 2
          LIMIT 1
      ) AS "c4"
      LEFT JOIN "ChatRoomMembers" AS "c3" ON "c4"."Id" = "c3"."ChatRoomId"
      ORDER BY "c4"."Id"
info: Microsoft.EntityFrameworkCore.Database.Command[20101]
      Executed DbCommand (0ms) [Parameters=[@__p_0='?' (DbType = Int32)], CommandType='Text', CommandTimeout='30']
      SELECT "u"."Id", "u"."CreatedAt", "u"."Username"
      FROM "Users" AS "u"
      WHERE "u"."Id" = @__p_0
      LIMIT 1
info: Microsoft.EntityFrameworkCore.Database.Command[20101]
      Executed DbCommand (0ms) [Parameters=[@__p_0='?' (DbType = Int32)], CommandType='Text', CommandTimeout='30']
      SELECT "u"."Id", "u"."CreatedAt", "u"."Username"
      FROM "Users" AS "u"
      WHERE "u"."Id" = @__p_0
      LIMIT 1
info: Microsoft.EntityFrameworkCore.Database.Command[20101]
      Executed DbCommand (0ms) [Parameters=[@__UserId_0='?' (DbType = Int32)], CommandType='Text', CommandTimeout='30']
      SELECT "c"."Id", "c"."CreatedAt", "c"."Name", "c"."Type", "s"."Id", "s"."ChatRoomId", "s"."JoinedAt", "s"."UserId", "s"."Id0", "s"."CreatedAt", "s"."Username"
      FROM "ChatRooms" AS "c"
      LEFT JOIN (
          SELECT "c1"."Id", "c1"."ChatRoomId", "c1"."JoinedAt", "c1"."UserId", "u"."Id" AS "Id0", "u"."CreatedAt", "u"."Username"
          FROM "ChatRoomMembers" AS "c1"
          INNER JOIN "Users" AS "u" ON "c1"."UserId" = "u"."Id"
      ) AS "s" ON "c"."Id" = "s"."ChatRoomId"
      WHERE "c"."Type" = 'public' OR EXISTS (
          SELECT 1
          FROM "ChatRoomMembers" AS "c0"
          WHERE "c"."Id" = "c0"."ChatRoomId" AND "c0"."UserId" = @__UserId_0)
      ORDER BY "c"."Id", "s"."Id"
info: Microsoft.EntityFrameworkCore.Database.Command[20101]
      Executed DbCommand (0ms) [Parameters=[@__UserId_0='?' (DbType = Int32)], CommandType='Text', CommandTimeout='30']
      SELECT "c"."Id", "c"."CreatedAt", "c"."Name", "c"."Type", "s"."Id", "s"."ChatRoomId", "s"."JoinedAt", "s"."UserId", "s"."Id0", "s"."CreatedAt", "s"."Username"
      FROM "ChatRooms" AS "c"
      LEFT JOIN (
          SELECT "c1"."Id", "c1"."ChatRoomId", "c1"."JoinedAt", "c1"."UserId", "u"."Id" AS "Id0", "u"."CreatedAt", "u"."Username"
          FROM "ChatRoomMembers" AS "c1"
          INNER JOIN "Users" AS "u" ON "c1"."UserId" = "u"."Id"
      ) AS "s" ON "c"."Id" = "s"."ChatRoomId"
      WHERE "c"."Type" = 'public' OR EXISTS (
          SELECT 1
          FROM "ChatRoomMembers" AS "c0"
          WHERE "c"."Id" = "c0"."ChatRoomId" AND "c0"."UserId" = @__UserId_0)
      ORDER BY "c"."Id", "s"."Id"
